# JRE version: Java(TM) SE Runtime Environment (8.0_144-b01) (build 1.8.0_144-b01)
# Java VM: Java HotSpot(TM) 64-Bit Server VM (25.144-b01 mixed mode windows-amd64 compressed oops)
Heap:
 PSYoungGen      total 103424K, used 29443K [0x0000000780800000, 0x0000000787500000, 0x00000007c0000000)
  eden space 95232K, 30% used [0x0000000780800000,0x00000007824c0e08,0x0000000786500000)
  from space 8192K, 0% used [0x0000000786500000,0x0000000786500000,0x0000000786d00000)
  to   space 8192K, 0% used [0x0000000786d00000,0x0000000786d00000,0x0000000787500000)
 ParOldGen       total 76288K, used 14705K [0x0000000701800000, 0x0000000706280000, 0x0000000780800000)
  object space 76288K, 19% used [0x0000000701800000,0x000000070265c438,0x0000000706280000)
 Metaspace       used 25901K, capacity 26266K, committed 26416K, reserved 1073152K
  class space    used 3228K, capacity 3349K, committed 3376K, reserved 1048576K
GC Heap History (10 events):
Event: 34.797 GC heap before
{Heap before GC invocations=4 (full 1):
 PSYoungGen      total 57344K, used 49152K [0x0000000780800000, 0x0000000787800000, 0x00000007c0000000)
  eden space 49152K, 100% used [0x0000000780800000,0x0000000783800000,0x0000000783800000)
  from space 8192K, 0% used [0x0000000784000000,0x0000000784000000,0x0000000784800000)
  to   space 8192K, 0% used [0x0000000783800000,0x0000000783800000,0x0000000784000000)
 ParOldGen       total 76288K, used 10984K [0x0000000701800000, 0x0000000706280000, 0x0000000780800000)
  object space 76288K, 14% used [0x0000000701800000,0x00000007022ba0d8,0x0000000706280000)
 Metaspace       used 23174K, capacity 23496K, committed 23600K, reserved 1069056K
  class space    used 2980K, capacity 3090K, committed 3120K, reserved 1048576K
Event: 34.804 GC heap after
Heap after GC invocations=4 (full 1):
 PSYoungGen      total 57344K, used 2643K [0x0000000780800000, 0x0000000787500000, 0x00000007c0000000)
  eden space 49152K, 0% used [0x0000000780800000,0x0000000780800000,0x0000000783800000)
  from space 8192K, 32% used [0x0000000783800000,0x0000000783a94e00,0x0000000784000000)
  to   space 8192K, 0% used [0x0000000786d00000,0x0000000786d00000,0x0000000787500000)
 ParOldGen       total 76288K, used 10992K [0x0000000701800000, 0x0000000706280000, 0x0000000780800000)
  object space 76288K, 14% used [0x0000000701800000,0x00000007022bc0d8,0x0000000706280000)
 Metaspace       used 23174K, capacity 23496K, committed 23600K, reserved 1069056K
  class space    used 2980K, capacity 3090K, committed 3120K, reserved 1048576K
}
Event: 55.905 GC heap before
{Heap before GC invocations=5 (full 1):
 PSYoungGen      total 57344K, used 39643K [0x0000000780800000, 0x0000000787500000, 0x00000007c0000000)
  eden space 49152K, 75% used [0x0000000780800000,0x0000000782c22140,0x0000000783800000)
  from space 8192K, 32% used [0x0000000783800000,0x0000000783a94e00,0x0000000784000000)
  to   space 8192K, 0% used [0x0000000786d00000,0x0000000786d00000,0x0000000787500000)
 ParOldGen       total 76288K, used 10992K [0x0000000701800000, 0x0000000706280000, 0x0000000780800000)
  object space 76288K, 14% used [0x0000000701800000,0x00000007022bc0d8,0x0000000706280000)
 Metaspace       used 25519K, capacity 25896K, committed 26160K, reserved 1073152K
  class space    used 3195K, capacity 3314K, committed 3376K, reserved 1048576K
Event: 55.910 GC heap after
Heap after GC invocations=5 (full 1):
 PSYoungGen      total 103424K, used 5634K [0x0000000780800000, 0x0000000787500000, 0x00000007c0000000)
  eden space 95232K, 0% used [0x0000000780800000,0x0000000780800000,0x0000000786500000)
  from space 8192K, 68% used [0x0000000786d00000,0x0000000787280b40,0x0000000787500000)
  to   space 8192K, 0% used [0x0000000786500000,0x0000000786500000,0x0000000786d00000)
 ParOldGen       total 76288K, used 11000K [0x0000000701800000, 0x0000000706280000, 0x0000000780800000)
  object space 76288K, 14% used [0x0000000701800000,0x00000007022be0d8,0x0000000706280000)
 Metaspace       used 25519K, capacity 25896K, committed 26160K, reserved 1073152K
  class space    used 3195K, capacity 3314K, committed 3376K, reserved 1048576K
}
Event: 55.910 GC heap before
{Heap before GC invocations=6 (full 2):
 PSYoungGen      total 103424K, used 5634K [0x0000000780800000, 0x0000000787500000, 0x00000007c0000000)
  eden space 95232K, 0% used [0x0000000780800000,0x0000000780800000,0x0000000786500000)
  from space 8192K, 68% used [0x0000000786d00000,0x0000000787280b40,0x0000000787500000)
  to   space 8192K, 0% used [0x0000000786500000,0x0000000786500000,0x0000000786d00000)
 ParOldGen       total 76288K, used 11000K [0x0000000701800000, 0x0000000706280000, 0x0000000780800000)
  object space 76288K, 14% used [0x0000000701800000,0x00000007022be0d8,0x0000000706280000)
 Metaspace       used 25519K, capacity 25896K, committed 26160K, reserved 1073152K
  class space    used 3195K, capacity 3314K, committed 3376K, reserved 1048576K
Event: 55.966 GC heap after
Heap after GC invocations=6 (full 2):
 PSYoungGen      total 103424K, used 0K [0x0000000780800000, 0x0000000787500000, 0x00000007c0000000)
  eden space 95232K, 0% used [0x0000000780800000,0x0000000780800000,0x0000000786500000)
  from space 8192K, 0% used [0x0000000786d00000,0x0000000786d00000,0x0000000787500000)
  to   space 8192K, 0% used [0x0000000786500000,0x0000000786500000,0x0000000786d00000)
 ParOldGen       total 76288K, used 16115K [0x0000000701800000, 0x0000000706280000, 0x0000000780800000)
  object space 76288K, 21% used [0x0000000701800000,0x00000007027bcf30,0x0000000706280000)
 Metaspace       used 25519K, capacity 25896K, committed 26160K, reserved 1073152K
  class space    used 3195K, capacity 3314K, committed 3376K, reserved 1048576K
}
Event: 79.009 GC heap before
{Heap before GC invocations=7 (full 2):
 PSYoungGen      total 103424K, used 42130K [0x0000000780800000, 0x0000000787500000, 0x00000007c0000000)
  eden space 95232K, 44% used [0x0000000780800000,0x00000007831249c8,0x0000000786500000)
  from space 8192K, 0% used [0x0000000786d00000,0x0000000786d00000,0x0000000787500000)
  to   space 8192K, 0% used [0x0000000786500000,0x0000000786500000,0x0000000786d00000)
 ParOldGen       total 76288K, used 16115K [0x0000000701800000, 0x0000000706280000, 0x0000000780800000)
  object space 76288K, 21% used [0x0000000701800000,0x00000007027bcf30,0x0000000706280000)
 Metaspace       used 25717K, capacity 26100K, committed 26416K, reserved 1073152K
  class space    used 3196K, capacity 3316K, committed 3376K, reserved 1048576K
Event: 79.011 GC heap after
Heap after GC invocations=7 (full 2):
 PSYoungGen      total 103424K, used 512K [0x0000000780800000, 0x0000000787500000, 0x00000007c0000000)
  eden space 95232K, 0% used [0x0000000780800000,0x0000000780800000,0x0000000786500000)
  from space 8192K, 6% used [0x0000000786500000,0x0000000786580000,0x0000000786d00000)
  to   space 8192K, 0% used [0x0000000786d00000,0x0000000786d00000,0x0000000787500000)
 ParOldGen       total 76288K, used 16123K [0x0000000701800000, 0x0000000706280000, 0x0000000780800000)
  object space 76288K, 21% used [0x0000000701800000,0x00000007027bef30,0x0000000706280000)
 Metaspace       used 25717K, capacity 26100K, committed 26416K, reserved 1073152K
  class space    used 3196K, capacity 3316K, committed 3376K, reserved 1048576K
}
Event: 79.011 GC heap before
{Heap before GC invocations=8 (full 3):
 PSYoungGen      total 103424K, used 512K [0x0000000780800000, 0x0000000787500000, 0x00000007c0000000)
  eden space 95232K, 0% used [0x0000000780800000,0x0000000780800000,0x0000000786500000)
  from space 8192K, 6% used [0x0000000786500000,0x0000000786580000,0x0000000786d00000)
  to   space 8192K, 0% used [0x0000000786d00000,0x0000000786d00000,0x0000000787500000)
 ParOldGen       total 76288K, used 16123K [0x0000000701800000, 0x0000000706280000, 0x0000000780800000)
  object space 76288K, 21% used [0x0000000701800000,0x00000007027bef30,0x0000000706280000)
 Metaspace       used 25717K, capacity 26100K, committed 26416K, reserved 1073152K
  class space    used 3196K, capacity 3316K, committed 3376K, reserved 1048576K
Event: 79.099 GC heap after
Heap after GC invocations=8 (full 3):
 PSYoungGen      total 103424K, used 0K [0x0000000780800000, 0x0000000787500000, 0x00000007c0000000)
  eden space 95232K, 0% used [0x0000000780800000,0x0000000780800000,0x0000000786500000)
  from space 8192K, 0% used [0x0000000786500000,0x0000000786500000,0x0000000786d00000)
  to   space 8192K, 0% used [0x0000000786d00000,0x0000000786d00000,0x0000000787500000)
 ParOldGen       total 76288K, used 14705K [0x0000000701800000, 0x0000000706280000, 0x0000000780800000)
  object space 76288K, 19% used [0x0000000701800000,0x000000070265c438,0x0000000706280000)
 Metaspace       used 25717K, capacity 26100K, committed 26416K, reserved 1073152K
  class space    used 3196K, capacity 3316K, committed 3376K, reserved 1048576K
}

