# JRE version: Java(TM) SE Runtime Environment (8.0_144-b01) (build 1.8.0_144-b01)
# Java VM: Java HotSpot(TM) 64-Bit Server VM (25.144-b01 mixed mode windows-amd64 compressed oops)
Heap:
 PSYoungGen      total 47616K, used 5705K [0x0000000780800000, 0x0000000784c00000, 0x00000007c0000000)
  eden space 27648K, 20% used [0x0000000780800000,0x0000000780d6a658,0x0000000782300000)
  from space 19968K, 0% used [0x0000000783880000,0x00000007838a8000,0x0000000784c00000)
  to   space 20992K, 0% used [0x0000000782300000,0x0000000782300000,0x0000000783780000)
 ParOldGen       total 81920K, used 14017K [0x0000000701800000, 0x0000000706800000, 0x0000000780800000)
  object space 81920K, 17% used [0x0000000701800000,0x00000007025b0560,0x0000000706800000)
 Metaspace       used 25178K, capacity 25496K, committed 25856K, reserved 1071104K
  class space    used 3104K, capacity 3240K, committed 3328K, reserved 1048576K
GC Heap History (10 events):
Event: 246.673 GC heap before
{Heap before GC invocations=11 (full 2):
 PSYoungGen      total 52736K, used 28832K [0x0000000780800000, 0x0000000785600000, 0x00000007c0000000)
  eden space 28672K, 100% used [0x0000000780800000,0x0000000782400000,0x0000000782400000)
  from space 24064K, 0% used [0x0000000783e80000,0x0000000783ea8000,0x0000000785600000)
  to   space 25600K, 0% used [0x0000000782400000,0x0000000782400000,0x0000000783d00000)
 ParOldGen       total 81920K, used 15484K [0x0000000701800000, 0x0000000706800000, 0x0000000780800000)
  object space 81920K, 18% used [0x0000000701800000,0x000000070271f198,0x0000000706800000)
 Metaspace       used 25017K, capacity 25368K, committed 25600K, reserved 1071104K
  class space    used 3104K, capacity 3240K, committed 3328K, reserved 1048576K
Event: 246.675 GC heap after
Heap after GC invocations=11 (full 2):
 PSYoungGen      total 28672K, used 128K [0x0000000780800000, 0x0000000785280000, 0x00000007c0000000)
  eden space 28160K, 0% used [0x0000000780800000,0x0000000780800000,0x0000000782380000)
  from space 512K, 25% used [0x0000000782400000,0x0000000782420000,0x0000000782480000)
  to   space 24064K, 0% used [0x0000000783b00000,0x0000000783b00000,0x0000000785280000)
 ParOldGen       total 81920K, used 15484K [0x0000000701800000, 0x0000000706800000, 0x0000000780800000)
  object space 81920K, 18% used [0x0000000701800000,0x000000070271f198,0x0000000706800000)
 Metaspace       used 25017K, capacity 25368K, committed 25600K, reserved 1071104K
  class space    used 3104K, capacity 3240K, committed 3328K, reserved 1048576K
}
Event: 273.342 GC heap before
{Heap before GC invocations=12 (full 2):
 PSYoungGen      total 28672K, used 28288K [0x0000000780800000, 0x0000000785280000, 0x00000007c0000000)
  eden space 28160K, 100% used [0x0000000780800000,0x0000000782380000,0x0000000782380000)
  from space 512K, 25% used [0x0000000782400000,0x0000000782420000,0x0000000782480000)
  to   space 24064K, 0% used [0x0000000783b00000,0x0000000783b00000,0x0000000785280000)
 ParOldGen       total 81920K, used 15484K [0x0000000701800000, 0x0000000706800000, 0x0000000780800000)
  object space 81920K, 18% used [0x0000000701800000,0x000000070271f198,0x0000000706800000)
 Metaspace       used 25059K, capacity 25432K, committed 25600K, reserved 1071104K
  class space    used 3104K, capacity 3240K, committed 3328K, reserved 1048576K
Event: 273.344 GC heap after
Heap after GC invocations=12 (full 2):
 PSYoungGen      total 49152K, used 192K [0x0000000780800000, 0x0000000785000000, 0x00000007c0000000)
  eden space 27648K, 0% used [0x0000000780800000,0x0000000780800000,0x0000000782300000)
  from space 21504K, 0% used [0x0000000783b00000,0x0000000783b30000,0x0000000785000000)
  to   space 23040K, 0% used [0x0000000782300000,0x0000000782300000,0x0000000783980000)
 ParOldGen       total 81920K, used 15492K [0x0000000701800000, 0x0000000706800000, 0x0000000780800000)
  object space 81920K, 18% used [0x0000000701800000,0x0000000702721198,0x0000000706800000)
 Metaspace       used 25059K, capacity 25432K, committed 25600K, reserved 1071104K
  class space    used 3104K, capacity 3240K, committed 3328K, reserved 1048576K
}
Event: 286.240 GC heap before
{Heap before GC invocations=13 (full 2):
 PSYoungGen      total 49152K, used 19562K [0x0000000780800000, 0x0000000785000000, 0x00000007c0000000)
  eden space 27648K, 70% used [0x0000000780800000,0x0000000781aeab40,0x0000000782300000)
  from space 21504K, 0% used [0x0000000783b00000,0x0000000783b30000,0x0000000785000000)
  to   space 23040K, 0% used [0x0000000782300000,0x0000000782300000,0x0000000783980000)
 ParOldGen       total 81920K, used 15492K [0x0000000701800000, 0x0000000706800000, 0x0000000780800000)
  object space 81920K, 18% used [0x0000000701800000,0x0000000702721198,0x0000000706800000)
 Metaspace       used 25150K, capacity 25496K, committed 25856K, reserved 1071104K
  class space    used 3104K, capacity 3240K, committed 3328K, reserved 1048576K
Event: 286.241 GC heap after
Heap after GC invocations=13 (full 2):
 PSYoungGen      total 28160K, used 496K [0x0000000780800000, 0x0000000784e00000, 0x00000007c0000000)
  eden space 27648K, 0% used [0x0000000780800000,0x0000000780800000,0x0000000782300000)
  from space 512K, 96% used [0x0000000782300000,0x000000078237c010,0x0000000782380000)
  to   space 22016K, 0% used [0x0000000783880000,0x0000000783880000,0x0000000784e00000)
 ParOldGen       total 81920K, used 15492K [0x0000000701800000, 0x0000000706800000, 0x0000000780800000)
  object space 81920K, 18% used [0x0000000701800000,0x0000000702721198,0x0000000706800000)
 Metaspace       used 25150K, capacity 25496K, committed 25856K, reserved 1071104K
  class space    used 3104K, capacity 3240K, committed 3328K, reserved 1048576K
}
Event: 286.241 GC heap before
{Heap before GC invocations=14 (full 3):
 PSYoungGen      total 28160K, used 496K [0x0000000780800000, 0x0000000784e00000, 0x00000007c0000000)
  eden space 27648K, 0% used [0x0000000780800000,0x0000000780800000,0x0000000782300000)
  from space 512K, 96% used [0x0000000782300000,0x000000078237c010,0x0000000782380000)
  to   space 22016K, 0% used [0x0000000783880000,0x0000000783880000,0x0000000784e00000)
 ParOldGen       total 81920K, used 15492K [0x0000000701800000, 0x0000000706800000, 0x0000000780800000)
  object space 81920K, 18% used [0x0000000701800000,0x0000000702721198,0x0000000706800000)
 Metaspace       used 25150K, capacity 25496K, committed 25856K, reserved 1071104K
  class space    used 3104K, capacity 3240K, committed 3328K, reserved 1048576K
Event: 286.309 GC heap after
Heap after GC invocations=14 (full 3):
 PSYoungGen      total 28160K, used 0K [0x0000000780800000, 0x0000000784e00000, 0x00000007c0000000)
  eden space 27648K, 0% used [0x0000000780800000,0x0000000780800000,0x0000000782300000)
  from space 512K, 0% used [0x0000000782300000,0x0000000782300000,0x0000000782380000)
  to   space 22016K, 0% used [0x0000000783880000,0x0000000783880000,0x0000000784e00000)
 ParOldGen       total 81920K, used 14009K [0x0000000701800000, 0x0000000706800000, 0x0000000780800000)
  object space 81920K, 17% used [0x0000000701800000,0x00000007025ae560,0x0000000706800000)
 Metaspace       used 25150K, capacity 25496K, committed 25856K, reserved 1071104K
  class space    used 3104K, capacity 3240K, committed 3328K, reserved 1048576K
}
Event: 314.745 GC heap before
{Heap before GC invocations=15 (full 3):
 PSYoungGen      total 28160K, used 27648K [0x0000000780800000, 0x0000000784e00000, 0x00000007c0000000)
  eden space 27648K, 100% used [0x0000000780800000,0x0000000782300000,0x0000000782300000)
  from space 512K, 0% used [0x0000000782300000,0x0000000782300000,0x0000000782380000)
  to   space 22016K, 0% used [0x0000000783880000,0x0000000783880000,0x0000000784e00000)
 ParOldGen       total 81920K, used 14009K [0x0000000701800000, 0x0000000706800000, 0x0000000780800000)
  object space 81920K, 17% used [0x0000000701800000,0x00000007025ae560,0x0000000706800000)
 Metaspace       used 25178K, capacity 25496K, committed 25856K, reserved 1071104K
  class space    used 3104K, capacity 3240K, committed 3328K, reserved 1048576K
Event: 314.747 GC heap after
Heap after GC invocations=15 (full 3):
 PSYoungGen      total 47616K, used 160K [0x0000000780800000, 0x0000000784c00000, 0x00000007c0000000)
  eden space 27648K, 0% used [0x0000000780800000,0x0000000780800000,0x0000000782300000)
  from space 19968K, 0% used [0x0000000783880000,0x00000007838a8000,0x0000000784c00000)
  to   space 20992K, 0% used [0x0000000782300000,0x0000000782300000,0x0000000783780000)
 ParOldGen       total 81920K, used 14017K [0x0000000701800000, 0x0000000706800000, 0x0000000780800000)
  object space 81920K, 17% used [0x0000000701800000,0x00000007025b0560,0x0000000706800000)
 Metaspace       used 25178K, capacity 25496K, committed 25856K, reserved 1071104K
  class space    used 3104K, capacity 3240K, committed 3328K, reserved 1048576K
}

